 DIAGNOSTICS.OUT FILE
  mgt schedule           1  op numb          50 wbar120                                  not found in plants.plt database
  mgt schedule           1  op numb          58 canp140                                  not found in plants.plt database
  mgt schedule           1  op numb          96 canp140                                  not found in plants.plt database
  mgt schedule           1  op numb         106 wbar120                                  not found in plants.plt database
  mgt schedule           1  op numb         114 canp140                                  not found in plants.plt database
  mgt schedule           1  op numb         163 wbar120                                  not found in plants.plt database
  mgt schedule           1  op numb         171 canp140                                  not found in plants.plt database
  mgt schedule           1  op numb         219 wbar120                                  not found in plants.plt database
  mgt schedule           2  op numb          18 canp140                                  not found in plants.plt database
  mgt schedule           2  op numb          68 canp140                                  not found in plants.plt database
  mgt schedule           2  op numb         118 canp140                                  not found in plants.plt database
  mgt schedule           2  op numb         168 canp140                                  not found in plants.plt database
  mgt schedule           8  op numb          17 wbar120                                  not found in plants.plt database
  mgt schedule           8  op numb          69 wbar120                                  not found in plants.plt database
  mgt schedule           8  op numb         121 wbar120                                  not found in plants.plt database
  mgt schedule           8  op numb         173 wbar120                                  not found in plants.plt database
  mgt schedule          13  op numb          15 wbar120                                  not found in plants.plt database
  mgt schedule          13  op numb          70 wbar120                                  not found in plants.plt database
  mgt schedule          13  op numb         125 wbar120                                  not found in plants.plt database
  mgt schedule          13  op numb         180 wbar120                                  not found in plants.plt database
  mgt schedule          14  op numb          31 wbar120                                  not found in plants.plt database
  mgt schedule          14  op numb          90 wbar120                                  not found in plants.plt database
  mgt schedule          14  op numb         149 wbar120                                  not found in plants.plt database
  mgt schedule          14  op numb         208 wbar120                                  not found in plants.plt database
  mgt schedule          15  op numb          55 wbar120                                  not found in plants.plt database
  mgt schedule          15  op numb         111 wbar120                                  not found in plants.plt database
  mgt schedule          15  op numb         167 wbar120                                  not found in plants.plt database
  mgt schedule          19  op numb          44 wbar120                                  not found in plants.plt database
  mgt schedule          19  op numb          99 wbar120                                  not found in plants.plt database
  mgt schedule          19  op numb         154 wbar120                                  not found in plants.plt database
  mgt schedule          19  op numb         209 wbar120                                  not found in plants.plt database
  mgt schedule          20  op numb          18 wbar120                                  not found in plants.plt database
  mgt schedule          20  op numb          76 wbar120                                  not found in plants.plt database
  mgt schedule          20  op numb         134 wbar120                                  not found in plants.plt database
  mgt schedule          20  op numb         192 wbar120                                  not found in plants.plt database
  mgt schedule          21  op numb          10 wbar120                                  not found in plants.plt database
  mgt schedule          21  op numb          73 wbar120                                  not found in plants.plt database
  mgt schedule          21  op numb         136 wbar120                                  not found in plants.plt database
  mgt schedule          21  op numb         199 wbar120                                  not found in plants.plt database
  mgt schedule          24  op numb          58 wbar120                                  not found in plants.plt database
  mgt schedule          24  op numb         117 wbar120                                  not found in plants.plt database
  mgt schedule          24  op numb         176 wbar120                                  not found in plants.plt database
  mgt schedule          28  op numb          21 wbar120                                  not found in plants.plt database
  mgt schedule          28  op numb          73 wbar120                                  not found in plants.plt database
  mgt schedule          28  op numb         125 wbar120                                  not found in plants.plt database
  mgt schedule          28  op numb         177 wbar120                                  not found in plants.plt database
  mgt schedule          29  op numb          52 wbar120                                  not found in plants.plt database
  mgt schedule          29  op numb         105 wbar120                                  not found in plants.plt database
  mgt schedule          29  op numb         158 wbar120                                  not found in plants.plt database
  mgt schedule          30  op numb          15 wbar120                                  not found in plants.plt database
  mgt schedule          30  op numb          70 wbar120                                  not found in plants.plt database
  mgt schedule          30  op numb         125 wbar120                                  not found in plants.plt database
  mgt schedule          30  op numb         180 wbar120                                  not found in plants.plt database
  mgt schedule          31  op numb          15 wbar120                                  not found in plants.plt database
  mgt schedule          31  op numb          67 wbar120                                  not found in plants.plt database
  mgt schedule          31  op numb         119 wbar120                                  not found in plants.plt database
  mgt schedule          31  op numb         171 wbar120                                  not found in plants.plt database
  mgt schedule          34  op numb          48 canp140                                  not found in plants.plt database
  mgt schedule          34  op numb          97 canp140                                  not found in plants.plt database
  mgt schedule          34  op numb         146 canp140                                  not found in plants.plt database
  mgt schedule          39  op numb          19 wbar120                                  not found in plants.plt database
  mgt schedule          39  op numb          79 wbar120                                  not found in plants.plt database
  mgt schedule          39  op numb         139 wbar120                                  not found in plants.plt database
  mgt schedule          39  op numb         199 wbar120                                  not found in plants.plt database
  mgt schedule          40  op numb          40 wbar120                                  not found in plants.plt database
  mgt schedule          40  op numb         102 wbar120                                  not found in plants.plt database
  mgt schedule          40  op numb         164 wbar120                                  not found in plants.plt database
  mgt schedule          40  op numb         226 wbar120                                  not found in plants.plt database
  mgt schedule          41  op numb          51 canp140                                  not found in plants.plt database
  mgt schedule          41  op numb         103 canp140                                  not found in plants.plt database
  mgt schedule          41  op numb         155 canp140                                  not found in plants.plt database
  mgt schedule          42  op numb          28 wbar120                                  not found in plants.plt database
  mgt schedule          42  op numb          70 wbar120                                  not found in plants.plt database
  mgt schedule          42  op numb         112 wbar120                                  not found in plants.plt database
  mgt schedule          42  op numb         154 wbar120                                  not found in plants.plt database
  mgt schedule          44  op numb          55 wbar120                                  not found in plants.plt database
  mgt schedule          44  op numb         111 wbar120                                  not found in plants.plt database
  mgt schedule          44  op numb         167 wbar120                                  not found in plants.plt database
  mgt schedule          47  op numb          32 wbar120                                  not found in plants.plt database
  mgt schedule          47  op numb          97 wbar120                                  not found in plants.plt database
  mgt schedule          47  op numb         162 wbar120                                  not found in plants.plt database
  mgt schedule          47  op numb         227 wbar120                                  not found in plants.plt database
  mgt schedule          49  op numb          34 wbar120                                  not found in plants.plt database
  mgt schedule          49  op numb          99 wbar120                                  not found in plants.plt database
  mgt schedule          49  op numb         164 wbar120                                  not found in plants.plt database
  mgt schedule          49  op numb         229 wbar120                                  not found in plants.plt database
  mgt schedule          51  op numb          26 wbar120                                  not found in plants.plt database
  mgt schedule          51  op numb          34 canp140                                  not found in plants.plt database
  mgt schedule          51  op numb          54 wbar120                                  not found in plants.plt database
  mgt schedule          51  op numb          81 wbar120                                  not found in plants.plt database
  mgt schedule          51  op numb          89 canp140                                  not found in plants.plt database
  mgt schedule          51  op numb         109 wbar120                                  not found in plants.plt database
  mgt schedule          51  op numb         136 wbar120                                  not found in plants.plt database
  mgt schedule          51  op numb         144 canp140                                  not found in plants.plt database
  mgt schedule          51  op numb         164 wbar120                                  not found in plants.plt database
  mgt schedule          51  op numb         191 wbar120                                  not found in plants.plt database
  mgt schedule          51  op numb         199 canp140                                  not found in plants.plt database
  mgt schedule          52  op numb           6 canp140                                  not found in plants.plt database
  mgt schedule          52  op numb          16 wbar120                                  not found in plants.plt database
  mgt schedule          52  op numb          24 canp140                                  not found in plants.plt database
  mgt schedule          52  op numb          44 wbar120                                  not found in plants.plt database
  mgt schedule          52  op numb          62 canp140                                  not found in plants.plt database
  mgt schedule          52  op numb          72 wbar120                                  not found in plants.plt database
  mgt schedule          52  op numb          80 canp140                                  not found in plants.plt database
  mgt schedule          52  op numb         100 wbar120                                  not found in plants.plt database
  mgt schedule          52  op numb         118 canp140                                  not found in plants.plt database
  mgt schedule          52  op numb         128 wbar120                                  not found in plants.plt database
  mgt schedule          52  op numb         136 canp140                                  not found in plants.plt database
  mgt schedule          52  op numb         156 wbar120                                  not found in plants.plt database
  mgt schedule          52  op numb         174 canp140                                  not found in plants.plt database
  mgt schedule          52  op numb         184 wbar120                                  not found in plants.plt database
  mgt schedule          52  op numb         192 canp140                                  not found in plants.plt database
  mgt schedule          52  op numb         212 wbar120                                  not found in plants.plt database
  mgt schedule          53  op numb           6 canp140                                  not found in plants.plt database
  mgt schedule          53  op numb          16 wbar120                                  not found in plants.plt database
  mgt schedule          53  op numb          24 canp140                                  not found in plants.plt database
  mgt schedule          53  op numb          44 wbar120                                  not found in plants.plt database
  mgt schedule          53  op numb          62 canp140                                  not found in plants.plt database
  mgt schedule          53  op numb          72 wbar120                                  not found in plants.plt database
  mgt schedule          53  op numb          80 canp140                                  not found in plants.plt database
  mgt schedule          53  op numb         100 wbar120                                  not found in plants.plt database
  mgt schedule          53  op numb         118 canp140                                  not found in plants.plt database
  mgt schedule          53  op numb         128 wbar120                                  not found in plants.plt database
  mgt schedule          53  op numb         136 canp140                                  not found in plants.plt database
  mgt schedule          53  op numb         156 wbar120                                  not found in plants.plt database
  mgt schedule          53  op numb         174 canp140                                  not found in plants.plt database
  mgt schedule          53  op numb         184 wbar120                                  not found in plants.plt database
  mgt schedule          53  op numb         192 canp140                                  not found in plants.plt database
  mgt schedule          53  op numb         212 wbar120                                  not found in plants.plt database
  mgt schedule          55  op numb          18 canp140                                  not found in plants.plt database
  mgt schedule          55  op numb          74 canp140                                  not found in plants.plt database
  mgt schedule          55  op numb         130 canp140                                  not found in plants.plt database
  mgt schedule          55  op numb         186 canp140                                  not found in plants.plt database
  mgt schedule          56  op numb          27 canp140                                  not found in plants.plt database
  mgt schedule          56  op numb          47 wbar120                                  not found in plants.plt database
  mgt schedule          56  op numb          55 canp140                                  not found in plants.plt database
  mgt schedule          56  op numb          83 canp140                                  not found in plants.plt database
  mgt schedule          56  op numb         103 wbar120                                  not found in plants.plt database
  mgt schedule          56  op numb         111 canp140                                  not found in plants.plt database
  mgt schedule          56  op numb         139 canp140                                  not found in plants.plt database
  mgt schedule          56  op numb         159 wbar120                                  not found in plants.plt database
  mgt schedule          56  op numb         167 canp140                                  not found in plants.plt database
  mgt schedule          56  op numb         195 canp140                                  not found in plants.plt database
  mgt schedule          56  op numb         215 wbar120                                  not found in plants.plt database
  mgt schedule          58  op numb           6 canp140                                  not found in plants.plt database
  mgt schedule          58  op numb          59 canp140                                  not found in plants.plt database
  mgt schedule          58  op numb         112 canp140                                  not found in plants.plt database
  mgt schedule          58  op numb         165 canp140                                  not found in plants.plt database
  mgt schedule          59  op numb          46 wbar120                                  not found in plants.plt database
  mgt schedule          59  op numb         104 wbar120                                  not found in plants.plt database
  mgt schedule          59  op numb         162 wbar120                                  not found in plants.plt database
  mgt schedule          59  op numb         220 wbar120                                  not found in plants.plt database
  mgt schedule          60  op numb          42 wbar120                                  not found in plants.plt database
  mgt schedule          60  op numb          50 canp140                                  not found in plants.plt database
  mgt schedule          60  op numb         104 wbar120                                  not found in plants.plt database
  mgt schedule          60  op numb         112 canp140                                  not found in plants.plt database
  mgt schedule          60  op numb         166 wbar120                                  not found in plants.plt database
  mgt schedule          60  op numb         174 canp140                                  not found in plants.plt database
  mgt schedule          60  op numb         228 wbar120                                  not found in plants.plt database
  mgt schedule          60  op numb         236 canp140                                  not found in plants.plt database
  mgt schedule          63  op numb          34 wbar120                                  not found in plants.plt database
  mgt schedule          63  op numb          42 canp140                                  not found in plants.plt database
  mgt schedule          63  op numb          93 wbar120                                  not found in plants.plt database
  mgt schedule          63  op numb         101 canp140                                  not found in plants.plt database
  mgt schedule          63  op numb         152 wbar120                                  not found in plants.plt database
  mgt schedule          63  op numb         160 canp140                                  not found in plants.plt database
  mgt schedule          63  op numb         211 wbar120                                  not found in plants.plt database
  mgt schedule          63  op numb         219 canp140                                  not found in plants.plt database
  mgt schedule          64  op numb          52 wbar120                                  not found in plants.plt database
  mgt schedule          64  op numb         116 wbar120                                  not found in plants.plt database
  mgt schedule          64  op numb         180 wbar120                                  not found in plants.plt database
  mgt schedule          64  op numb         244 wbar120                                  not found in plants.plt database
  mgt schedule          68  op numb          39 wbar120                                  not found in plants.plt database
  mgt schedule          68  op numb          47 canp140                                  not found in plants.plt database
  mgt schedule          68  op numb          98 wbar120                                  not found in plants.plt database
  mgt schedule          68  op numb         106 canp140                                  not found in plants.plt database
  mgt schedule          68  op numb         157 wbar120                                  not found in plants.plt database
  mgt schedule          68  op numb         165 canp140                                  not found in plants.plt database
  mgt schedule          68  op numb         216 wbar120                                  not found in plants.plt database
  mgt schedule          68  op numb         224 canp140                                  not found in plants.plt database
  mgt schedule          72  op numb          19 wbar120                                  not found in plants.plt database
  mgt schedule          72  op numb          76 wbar120                                  not found in plants.plt database
  mgt schedule          72  op numb         133 wbar120                                  not found in plants.plt database
  mgt schedule          72  op numb         190 wbar120                                  not found in plants.plt database
  mgt schedule          73  op numb           8 wbar120                                  not found in plants.plt database
  mgt schedule          73  op numb          66 wbar120                                  not found in plants.plt database
  mgt schedule          73  op numb         124 wbar120                                  not found in plants.plt database
  mgt schedule          73  op numb         182 wbar120                                  not found in plants.plt database
  mgt schedule          76  op numb           8 wbar120                                  not found in plants.plt database
  mgt schedule          76  op numb          73 wbar120                                  not found in plants.plt database
  mgt schedule          76  op numb         138 wbar120                                  not found in plants.plt database
  mgt schedule          76  op numb         203 wbar120                                  not found in plants.plt database
  mgt schedule          77  op numb          58 wbar120                                  not found in plants.plt database
  mgt schedule          77  op numb         117 wbar120                                  not found in plants.plt database
  mgt schedule          77  op numb         176 wbar120                                  not found in plants.plt database
  mgt schedule          78  op numb          17 wbar120                                  not found in plants.plt database
  mgt schedule          78  op numb          41 wbar120                                  not found in plants.plt database
  mgt schedule          78  op numb          72 wbar120                                  not found in plants.plt database
  mgt schedule          78  op numb          96 wbar120                                  not found in plants.plt database
  mgt schedule          78  op numb         127 wbar120                                  not found in plants.plt database
  mgt schedule          78  op numb         151 wbar120                                  not found in plants.plt database
  mgt schedule          78  op numb         182 wbar120                                  not found in plants.plt database
  mgt schedule          78  op numb         206 wbar120                                  not found in plants.plt database
  mgt schedule          83  op numb          19 wbar120                                  not found in plants.plt database
  mgt schedule          83  op numb          52 wbar120                                  not found in plants.plt database
  mgt schedule          83  op numb          79 wbar120                                  not found in plants.plt database
  mgt schedule          83  op numb         112 wbar120                                  not found in plants.plt database
  mgt schedule          83  op numb         139 wbar120                                  not found in plants.plt database
  mgt schedule          83  op numb         172 wbar120                                  not found in plants.plt database
  mgt schedule          83  op numb         199 wbar120                                  not found in plants.plt database
  mgt schedule          83  op numb         232 wbar120                                  not found in plants.plt database
  mgt schedule          84  op numb           8 wbar120                                  not found in plants.plt database
  mgt schedule          84  op numb          66 wbar120                                  not found in plants.plt database
  mgt schedule          84  op numb         124 wbar120                                  not found in plants.plt database
  mgt schedule          84  op numb         182 wbar120                                  not found in plants.plt database
  mgt schedule          87  op numb          34 canp140                                  not found in plants.plt database
  mgt schedule          87  op numb          54 wbar120                                  not found in plants.plt database
  mgt schedule          87  op numb          89 canp140                                  not found in plants.plt database
  mgt schedule          87  op numb         109 wbar120                                  not found in plants.plt database
  mgt schedule          87  op numb         144 canp140                                  not found in plants.plt database
  mgt schedule          87  op numb         164 wbar120                                  not found in plants.plt database
  mgt schedule          87  op numb         199 canp140                                  not found in plants.plt database
  mgt schedule          88  op numb           8 wbar120                                  not found in plants.plt database
  mgt schedule          88  op numb          66 wbar120                                  not found in plants.plt database
  mgt schedule          88  op numb         124 wbar120                                  not found in plants.plt database
  mgt schedule          88  op numb         182 wbar120                                  not found in plants.plt database
  mgt schedule          89  op numb           6 canp140                                  not found in plants.plt database
  mgt schedule          89  op numb          55 canp140                                  not found in plants.plt database
  mgt schedule          89  op numb         104 canp140                                  not found in plants.plt database
  mgt schedule          89  op numb         153 canp140                                  not found in plants.plt database
  mgt schedule          90  op numb          23 canp140                                  not found in plants.plt database
  mgt schedule          90  op numb          41 canp140                                  not found in plants.plt database
  mgt schedule          90  op numb          76 canp140                                  not found in plants.plt database
  mgt schedule          90  op numb          94 canp140                                  not found in plants.plt database
  mgt schedule          90  op numb         129 canp140                                  not found in plants.plt database
  mgt schedule          90  op numb         147 canp140                                  not found in plants.plt database
  mgt schedule          90  op numb         182 canp140                                  not found in plants.plt database
  mgt schedule          90  op numb         200 canp140                                  not found in plants.plt database
  mgt schedule          93  op numb          39 wbar120                                  not found in plants.plt database
  mgt schedule          93  op numb         101 wbar120                                  not found in plants.plt database
  mgt schedule          93  op numb         163 wbar120                                  not found in plants.plt database
  mgt schedule          93  op numb         225 wbar120                                  not found in plants.plt database
  mgt schedule          94  op numb           6 canp140                                  not found in plants.plt database
  mgt schedule          94  op numb          62 canp140                                  not found in plants.plt database
  mgt schedule          94  op numb         118 canp140                                  not found in plants.plt database
  mgt schedule          94  op numb         174 canp140                                  not found in plants.plt database
  mgt schedule          96  op numb          53 wbar120                                  not found in plants.plt database
  mgt schedule          96  op numb          61 canp140                                  not found in plants.plt database
  mgt schedule          96  op numb         115 wbar120                                  not found in plants.plt database
  mgt schedule          96  op numb         123 canp140                                  not found in plants.plt database
  mgt schedule          96  op numb         177 wbar120                                  not found in plants.plt database
  mgt schedule          96  op numb         185 canp140                                  not found in plants.plt database
  mgt schedule          96  op numb         239 wbar120                                  not found in plants.plt database
  mgt schedule          97  op numb          43 wbar120                                  not found in plants.plt database
  mgt schedule          97  op numb          98 wbar120                                  not found in plants.plt database
  mgt schedule          97  op numb         153 wbar120                                  not found in plants.plt database
  mgt schedule          97  op numb         208 wbar120                                  not found in plants.plt database
  mgt schedule          98  op numb          41 wbar120                                  not found in plants.plt database
  mgt schedule          98  op numb          49 canp140                                  not found in plants.plt database
  mgt schedule          98  op numb          91 wbar120                                  not found in plants.plt database
  mgt schedule          98  op numb          99 canp140                                  not found in plants.plt database
  mgt schedule          98  op numb         141 wbar120                                  not found in plants.plt database
  mgt schedule          98  op numb         149 canp140                                  not found in plants.plt database
  mgt schedule          98  op numb         191 wbar120                                  not found in plants.plt database
  mgt schedule         101  op numb          16 wbar120                                  not found in plants.plt database
  mgt schedule         101  op numb          34 canp140                                  not found in plants.plt database
  mgt schedule         101  op numb          54 wbar120                                  not found in plants.plt database
  mgt schedule         101  op numb          71 wbar120                                  not found in plants.plt database
  mgt schedule         101  op numb          89 canp140                                  not found in plants.plt database
  mgt schedule         101  op numb         109 wbar120                                  not found in plants.plt database
  mgt schedule         101  op numb         126 wbar120                                  not found in plants.plt database
  mgt schedule         101  op numb         144 canp140                                  not found in plants.plt database
  mgt schedule         101  op numb         164 wbar120                                  not found in plants.plt database
  mgt schedule         101  op numb         181 wbar120                                  not found in plants.plt database
  mgt schedule         101  op numb         199 canp140                                  not found in plants.plt database
  mgt schedule         103  op numb          47 canp140                                  not found in plants.plt database
  mgt schedule         103  op numb         106 canp140                                  not found in plants.plt database
  mgt schedule         103  op numb         165 canp140                                  not found in plants.plt database
  mgt schedule         103  op numb         224 canp140                                  not found in plants.plt database
  mgt schedule         104  op numb          17 wbar120                                  not found in plants.plt database
  mgt schedule         104  op numb          38 wbar120                                  not found in plants.plt database
  mgt schedule         104  op numb          72 wbar120                                  not found in plants.plt database
  mgt schedule         104  op numb          93 wbar120                                  not found in plants.plt database
  mgt schedule         104  op numb         127 wbar120                                  not found in plants.plt database
  mgt schedule         104  op numb         148 wbar120                                  not found in plants.plt database
  mgt schedule         104  op numb         182 wbar120                                  not found in plants.plt database
  mgt schedule         104  op numb         203 wbar120                                  not found in plants.plt database
  mgt schedule         106  op numb          15 wbar120                                  not found in plants.plt database
  mgt schedule         106  op numb          67 wbar120                                  not found in plants.plt database
  mgt schedule         106  op numb         119 wbar120                                  not found in plants.plt database
  mgt schedule         106  op numb         171 wbar120                                  not found in plants.plt database
  mgt schedule         109  op numb          56 wbar120                                  not found in plants.plt database
  mgt schedule         109  op numb         113 wbar120                                  not found in plants.plt database
  mgt schedule         109  op numb         170 wbar120                                  not found in plants.plt database
  mgt schedule         111  op numb          56 wbar120                                  not found in plants.plt database
  mgt schedule         111  op numb         113 wbar120                                  not found in plants.plt database
  mgt schedule         111  op numb         170 wbar120                                  not found in plants.plt database
  mgt schedule         112  op numb          10 wbar120                                  not found in plants.plt database
  mgt schedule         112  op numb          73 wbar120                                  not found in plants.plt database
  mgt schedule         112  op numb         136 wbar120                                  not found in plants.plt database
  mgt schedule         112  op numb         199 wbar120                                  not found in plants.plt database
  mgt schedule         115  op numb          50 canp140                                  not found in plants.plt database
  mgt schedule         115  op numb         112 canp140                                  not found in plants.plt database
  mgt schedule         115  op numb         174 canp140                                  not found in plants.plt database
  mgt schedule         115  op numb         236 canp140                                  not found in plants.plt database
  mgt schedule         117  op numb          18 wbar120                                  not found in plants.plt database
  mgt schedule         117  op numb          76 wbar120                                  not found in plants.plt database
  mgt schedule         117  op numb         134 wbar120                                  not found in plants.plt database
  mgt schedule         117  op numb         192 wbar120                                  not found in plants.plt database
  mgt schedule         118  op numb          51 wbar120                                  not found in plants.plt database
  mgt schedule         118  op numb         114 wbar120                                  not found in plants.plt database
  mgt schedule         118  op numb         177 wbar120                                  not found in plants.plt database
  mgt schedule         118  op numb         240 wbar120                                  not found in plants.plt database
  mgt schedule         119  op numb          31 wbar120                                  not found in plants.plt database
  mgt schedule         119  op numb          89 wbar120                                  not found in plants.plt database
  mgt schedule         119  op numb         147 wbar120                                  not found in plants.plt database
  mgt schedule         119  op numb         205 wbar120                                  not found in plants.plt database
  mgt schedule         122  op numb          30 wbar120                                  not found in plants.plt database
  mgt schedule         122  op numb          88 wbar120                                  not found in plants.plt database
  mgt schedule         122  op numb         146 wbar120                                  not found in plants.plt database
  mgt schedule         122  op numb         204 wbar120                                  not found in plants.plt database
  mgt schedule         127  op numb          18 canp140                                  not found in plants.plt database
  mgt schedule         127  op numb          74 canp140                                  not found in plants.plt database
  mgt schedule         127  op numb         130 canp140                                  not found in plants.plt database
  mgt schedule         127  op numb         186 canp140                                  not found in plants.plt database
  mgt schedule         128  op numb          58 wbar120                                  not found in plants.plt database
  mgt schedule         128  op numb         117 wbar120                                  not found in plants.plt database
  mgt schedule         128  op numb         176 wbar120                                  not found in plants.plt database
  mgt schedule         129  op numb           8 wbar120                                  not found in plants.plt database
  mgt schedule         129  op numb          66 wbar120                                  not found in plants.plt database
  mgt schedule         129  op numb         124 wbar120                                  not found in plants.plt database
  mgt schedule         129  op numb         182 wbar120                                  not found in plants.plt database
  mgt schedule         131  op numb          44 wbar120                                  not found in plants.plt database
  mgt schedule         131  op numb          89 wbar120                                  not found in plants.plt database
  mgt schedule         131  op numb         134 wbar120                                  not found in plants.plt database
  mgt schedule         134  op numb          37 canp140                                  not found in plants.plt database
  mgt schedule         134  op numb          57 wbar120                                  not found in plants.plt database
  mgt schedule         134  op numb          95 canp140                                  not found in plants.plt database
  mgt schedule         134  op numb         115 wbar120                                  not found in plants.plt database
  mgt schedule         134  op numb         153 canp140                                  not found in plants.plt database
  mgt schedule         134  op numb         173 wbar120                                  not found in plants.plt database
  mgt schedule         134  op numb         211 canp140                                  not found in plants.plt database
  mgt schedule         137  op numb          43 wbar120                                  not found in plants.plt database
  mgt schedule         137  op numb          92 wbar120                                  not found in plants.plt database
  mgt schedule         137  op numb         141 wbar120                                  not found in plants.plt database
  mgt schedule         139  op numb          31 wbar120                                  not found in plants.plt database
  mgt schedule         139  op numb          90 wbar120                                  not found in plants.plt database
  mgt schedule         139  op numb         149 wbar120                                  not found in plants.plt database
  mgt schedule         139  op numb         208 wbar120                                  not found in plants.plt database
  mgt schedule         142  op numb          23 canp140                                  not found in plants.plt database
  mgt schedule         142  op numb          41 canp140                                  not found in plants.plt database
  mgt schedule         142  op numb          76 canp140                                  not found in plants.plt database
  mgt schedule         142  op numb          94 canp140                                  not found in plants.plt database
  mgt schedule         142  op numb         129 canp140                                  not found in plants.plt database
  mgt schedule         142  op numb         147 canp140                                  not found in plants.plt database
  mgt schedule         142  op numb         182 canp140                                  not found in plants.plt database
  mgt schedule         142  op numb         200 canp140                                  not found in plants.plt database
  mgt schedule         143  op numb          52 wbar120                                  not found in plants.plt database
  mgt schedule         143  op numb         116 wbar120                                  not found in plants.plt database
  mgt schedule         143  op numb         180 wbar120                                  not found in plants.plt database
  mgt schedule         143  op numb         244 wbar120                                  not found in plants.plt database
  mgt schedule         144  op numb          31 wbar120                                  not found in plants.plt database
  mgt schedule         144  op numb          86 wbar120                                  not found in plants.plt database
  mgt schedule         144  op numb         141 wbar120                                  not found in plants.plt database
  mgt schedule         144  op numb         196 wbar120                                  not found in plants.plt database
  mgt schedule         148  op numb          46 wbar120                                  not found in plants.plt database
  mgt schedule         148  op numb         104 wbar120                                  not found in plants.plt database
  mgt schedule         148  op numb         162 wbar120                                  not found in plants.plt database
  mgt schedule         148  op numb         220 wbar120                                  not found in plants.plt database
  mgt schedule         150  op numb          27 canp140                                  not found in plants.plt database
  mgt schedule         150  op numb          52 canp140                                  not found in plants.plt database
  mgt schedule         150  op numb          80 canp140                                  not found in plants.plt database
  mgt schedule         150  op numb         105 canp140                                  not found in plants.plt database
  mgt schedule         150  op numb         133 canp140                                  not found in plants.plt database
  mgt schedule         150  op numb         158 canp140                                  not found in plants.plt database
  mgt schedule         150  op numb         186 canp140                                  not found in plants.plt database
  mgt schedule         152  op numb           8 wbar120                                  not found in plants.plt database
  mgt schedule         152  op numb          69 wbar120                                  not found in plants.plt database
  mgt schedule         152  op numb         130 wbar120                                  not found in plants.plt database
  mgt schedule         152  op numb         191 wbar120                                  not found in plants.plt database
  mgt schedule         153  op numb          15 wbar120                                  not found in plants.plt database
  mgt schedule         153  op numb          67 wbar120                                  not found in plants.plt database
  mgt schedule         153  op numb         119 wbar120                                  not found in plants.plt database
  mgt schedule         153  op numb         171 wbar120                                  not found in plants.plt database
  mgt schedule         154  op numb          58 wbar120                                  not found in plants.plt database
  mgt schedule         154  op numb         117 wbar120                                  not found in plants.plt database
  mgt schedule         154  op numb         176 wbar120                                  not found in plants.plt database
  mgt schedule         156  op numb          15 wbar120                                  not found in plants.plt database
  mgt schedule         156  op numb          69 wbar120                                  not found in plants.plt database
  mgt schedule         156  op numb         123 wbar120                                  not found in plants.plt database
  mgt schedule         156  op numb         177 wbar120                                  not found in plants.plt database
  mgt schedule         158  op numb          27 canp140                                  not found in plants.plt database
  mgt schedule         158  op numb          47 wbar120                                  not found in plants.plt database
  mgt schedule         158  op numb          55 canp140                                  not found in plants.plt database
  mgt schedule         158  op numb          83 canp140                                  not found in plants.plt database
  mgt schedule         158  op numb         103 wbar120                                  not found in plants.plt database
  mgt schedule         158  op numb         111 canp140                                  not found in plants.plt database
  mgt schedule         158  op numb         139 canp140                                  not found in plants.plt database
  mgt schedule         158  op numb         159 wbar120                                  not found in plants.plt database
  mgt schedule         158  op numb         167 canp140                                  not found in plants.plt database
  mgt schedule         158  op numb         195 canp140                                  not found in plants.plt database
  mgt schedule         158  op numb         215 wbar120                                  not found in plants.plt database
  mgt schedule         159  op numb          27 canp140                                  not found in plants.plt database
  mgt schedule         159  op numb          47 wbar120                                  not found in plants.plt database
  mgt schedule         159  op numb          55 canp140                                  not found in plants.plt database
  mgt schedule         159  op numb          83 canp140                                  not found in plants.plt database
  mgt schedule         159  op numb         103 wbar120                                  not found in plants.plt database
  mgt schedule         159  op numb         111 canp140                                  not found in plants.plt database
  mgt schedule         159  op numb         139 canp140                                  not found in plants.plt database
  mgt schedule         159  op numb         159 wbar120                                  not found in plants.plt database
  mgt schedule         159  op numb         167 canp140                                  not found in plants.plt database
  mgt schedule         159  op numb         195 canp140                                  not found in plants.plt database
  mgt schedule         159  op numb         215 wbar120                                  not found in plants.plt database
  mgt schedule         160  op numb          18 canp140                                  not found in plants.plt database
  mgt schedule         160  op numb          71 canp140                                  not found in plants.plt database
  mgt schedule         160  op numb         124 canp140                                  not found in plants.plt database
  mgt schedule         160  op numb         177 canp140                                  not found in plants.plt database
  mgt schedule         161  op numb          18 canp140                                  not found in plants.plt database
  mgt schedule         161  op numb          71 canp140                                  not found in plants.plt database
  mgt schedule         161  op numb         124 canp140                                  not found in plants.plt database
  mgt schedule         161  op numb         177 canp140                                  not found in plants.plt database
  mgt schedule         166  op numb          34 wbar120                                  not found in plants.plt database
  mgt schedule         166  op numb          97 wbar120                                  not found in plants.plt database
  mgt schedule         166  op numb         160 wbar120                                  not found in plants.plt database
  mgt schedule         166  op numb         223 wbar120                                  not found in plants.plt database
  mgt schedule         169  op numb           7 canp140                                  not found in plants.plt database
  mgt schedule         169  op numb          25 canp140                                  not found in plants.plt database
  mgt schedule         169  op numb          55 wbar120                                  not found in plants.plt database
  mgt schedule         169  op numb          63 canp140                                  not found in plants.plt database
  mgt schedule         169  op numb          81 canp140                                  not found in plants.plt database
  mgt schedule         169  op numb         111 wbar120                                  not found in plants.plt database
  mgt schedule         169  op numb         119 canp140                                  not found in plants.plt database
  mgt schedule         169  op numb         137 canp140                                  not found in plants.plt database
  mgt schedule         169  op numb         167 wbar120                                  not found in plants.plt database
  mgt schedule         169  op numb         175 canp140                                  not found in plants.plt database
  mgt schedule         169  op numb         193 canp140                                  not found in plants.plt database
  mgt schedule         170  op numb          31 wbar120                                  not found in plants.plt database
  mgt schedule         170  op numb          89 wbar120                                  not found in plants.plt database
  mgt schedule         170  op numb         147 wbar120                                  not found in plants.plt database
  mgt schedule         170  op numb         205 wbar120                                  not found in plants.plt database
  mgt schedule         172  op numb           8 wbar120                                  not found in plants.plt database
  mgt schedule         172  op numb          69 wbar120                                  not found in plants.plt database
  mgt schedule         172  op numb         130 wbar120                                  not found in plants.plt database
  mgt schedule         172  op numb         191 wbar120                                  not found in plants.plt database
  mgt schedule         175  op numb          44 canp140                                  not found in plants.plt database
  mgt schedule         175  op numb         100 canp140                                  not found in plants.plt database
  mgt schedule         175  op numb         156 canp140                                  not found in plants.plt database
  mgt schedule         175  op numb         212 canp140                                  not found in plants.plt database
  mgt schedule         176  op numb          32 wbar120                                  not found in plants.plt database
  mgt schedule         176  op numb          90 wbar120                                  not found in plants.plt database
  mgt schedule         176  op numb         148 wbar120                                  not found in plants.plt database
  mgt schedule         176  op numb         206 wbar120                                  not found in plants.plt database
  mgt schedule         176  op numb         264 wbar120                                  not found in plants.plt database
  mgt schedule         179  op numb           6 canp140                                  not found in plants.plt database
  mgt schedule         179  op numb          58 canp140                                  not found in plants.plt database
  mgt schedule         179  op numb         110 canp140                                  not found in plants.plt database
  mgt schedule         179  op numb         162 canp140                                  not found in plants.plt database
  mgt schedule         180  op numb          46 canp140                                  not found in plants.plt database
  mgt schedule         180  op numb         109 canp140                                  not found in plants.plt database
  mgt schedule         180  op numb         172 canp140                                  not found in plants.plt database
  mgt schedule         180  op numb         235 canp140                                  not found in plants.plt database
  mgt schedule         181  op numb          35 canp140                                  not found in plants.plt database
  mgt schedule         181  op numb          55 wbar120                                  not found in plants.plt database
  mgt schedule         181  op numb          91 canp140                                  not found in plants.plt database
  mgt schedule         181  op numb         111 wbar120                                  not found in plants.plt database
  mgt schedule         181  op numb         147 canp140                                  not found in plants.plt database
  mgt schedule         181  op numb         167 wbar120                                  not found in plants.plt database
  mgt schedule         181  op numb         203 canp140                                  not found in plants.plt database
  mgt schedule         183  op numb          32 wbar120                                  not found in plants.plt database
  mgt schedule         183  op numb          74 wbar120                                  not found in plants.plt database
  mgt schedule         183  op numb         116 wbar120                                  not found in plants.plt database
  mgt schedule         183  op numb         158 wbar120                                  not found in plants.plt database
  mgt schedule         184  op numb          15 wbar120                                  not found in plants.plt database
  mgt schedule         184  op numb          23 canp140                                  not found in plants.plt database
  mgt schedule         184  op numb          41 canp140                                  not found in plants.plt database
  mgt schedule         184  op numb          68 wbar120                                  not found in plants.plt database
  mgt schedule         184  op numb          76 canp140                                  not found in plants.plt database
  mgt schedule         184  op numb          94 canp140                                  not found in plants.plt database
  mgt schedule         184  op numb         121 wbar120                                  not found in plants.plt database
  mgt schedule         184  op numb         129 canp140                                  not found in plants.plt database
  mgt schedule         184  op numb         147 canp140                                  not found in plants.plt database
  mgt schedule         184  op numb         174 wbar120                                  not found in plants.plt database
  mgt schedule         184  op numb         182 canp140                                  not found in plants.plt database
  mgt schedule         184  op numb         200 canp140                                  not found in plants.plt database
  mgt schedule         186  op numb           6 canp140                                  not found in plants.plt database
  mgt schedule         186  op numb          63 canp140                                  not found in plants.plt database
  mgt schedule         186  op numb         120 canp140                                  not found in plants.plt database
  mgt schedule         186  op numb         177 canp140                                  not found in plants.plt database
  mgt schedule         190  op numb          41 wbar120                                  not found in plants.plt database
  mgt schedule         190  op numb          99 wbar120                                  not found in plants.plt database
  mgt schedule         190  op numb         157 wbar120                                  not found in plants.plt database
  mgt schedule         190  op numb         215 wbar120                                  not found in plants.plt database
  mgt schedule         191  op numb           6 canp140                                  not found in plants.plt database
  mgt schedule         191  op numb          36 wbar120                                  not found in plants.plt database
  mgt schedule         191  op numb          61 canp140                                  not found in plants.plt database
  mgt schedule         191  op numb          91 wbar120                                  not found in plants.plt database
  mgt schedule         191  op numb         116 canp140                                  not found in plants.plt database
  mgt schedule         191  op numb         146 wbar120                                  not found in plants.plt database
  mgt schedule         191  op numb         171 canp140                                  not found in plants.plt database
  mgt schedule         191  op numb         201 wbar120                                  not found in plants.plt database
  mgt schedule         192  op numb          33 wbar120                                  not found in plants.plt database
  mgt schedule         192  op numb         101 wbar120                                  not found in plants.plt database
  mgt schedule         192  op numb         169 wbar120                                  not found in plants.plt database
  mgt schedule         192  op numb         237 wbar120                                  not found in plants.plt database
  mgt schedule         193  op numb           8 wbar120                                  not found in plants.plt database
  mgt schedule         193  op numb          47 canp140                                  not found in plants.plt database
  mgt schedule         193  op numb          67 wbar120                                  not found in plants.plt database
  mgt schedule         193  op numb         106 canp140                                  not found in plants.plt database
  mgt schedule         193  op numb         126 wbar120                                  not found in plants.plt database
  mgt schedule         193  op numb         165 canp140                                  not found in plants.plt database
  mgt schedule         193  op numb         185 wbar120                                  not found in plants.plt database
  mgt schedule         193  op numb         224 canp140                                  not found in plants.plt database
  mgt schedule         194  op numb          58 wbar120                                  not found in plants.plt database
  mgt schedule         194  op numb         117 wbar120                                  not found in plants.plt database
  mgt schedule         194  op numb         176 wbar120                                  not found in plants.plt database
  mgt schedule         196  op numb          17 wbar120                                  not found in plants.plt database
  mgt schedule         196  op numb          65 wbar120                                  not found in plants.plt database
  mgt schedule         196  op numb         113 wbar120                                  not found in plants.plt database
  mgt schedule         196  op numb         161 wbar120                                  not found in plants.plt database
  mgt schedule         199  op numb          10 wbar120                                  not found in plants.plt database
  mgt schedule         199  op numb          66 wbar120                                  not found in plants.plt database
  mgt schedule         199  op numb         122 wbar120                                  not found in plants.plt database
  mgt schedule         199  op numb         178 wbar120                                  not found in plants.plt database
  mgt schedule         200  op numb          16 canp140                                  not found in plants.plt database
  mgt schedule         200  op numb          78 canp140                                  not found in plants.plt database
  mgt schedule         200  op numb         140 canp140                                  not found in plants.plt database
  mgt schedule         200  op numb         202 canp140                                  not found in plants.plt database
  mgt schedule         201  op numb          28 wbar120                                  not found in plants.plt database
  mgt schedule         201  op numb          70 wbar120                                  not found in plants.plt database
  mgt schedule         201  op numb         112 wbar120                                  not found in plants.plt database
  mgt schedule         201  op numb         154 wbar120                                  not found in plants.plt database
  mgt schedule         203  op numb          55 wbar120                                  not found in plants.plt database
  mgt schedule         203  op numb         111 wbar120                                  not found in plants.plt database
  mgt schedule         203  op numb         167 wbar120                                  not found in plants.plt database
  mgt schedule         204  op numb           8 wbar120                                  not found in plants.plt database
  mgt schedule         204  op numb          44 canp140                                  not found in plants.plt database
  mgt schedule         204  op numb          64 wbar120                                  not found in plants.plt database
  mgt schedule         204  op numb         100 canp140                                  not found in plants.plt database
  mgt schedule         204  op numb         120 wbar120                                  not found in plants.plt database
  mgt schedule         204  op numb         156 canp140                                  not found in plants.plt database
  mgt schedule         204  op numb         176 wbar120                                  not found in plants.plt database
  mgt schedule         204  op numb         212 canp140                                  not found in plants.plt database
  mgt schedule         206  op numb          18 wbar120                                  not found in plants.plt database
  mgt schedule         206  op numb          27 canp140                                  not found in plants.plt database
  mgt schedule         206  op numb          82 wbar120                                  not found in plants.plt database
  mgt schedule         206  op numb          91 canp140                                  not found in plants.plt database
  mgt schedule         206  op numb         146 wbar120                                  not found in plants.plt database
  mgt schedule         206  op numb         155 canp140                                  not found in plants.plt database
  mgt schedule         206  op numb         210 wbar120                                  not found in plants.plt database
  mgt schedule         206  op numb         219 canp140                                  not found in plants.plt database
  mgt schedule         209  op numb          19 wbar120                                  not found in plants.plt database
  mgt schedule         209  op numb          73 wbar120                                  not found in plants.plt database
  mgt schedule         209  op numb         127 wbar120                                  not found in plants.plt database
  mgt schedule         209  op numb         181 wbar120                                  not found in plants.plt database
  mgt schedule         210  op numb          36 wbar120                                  not found in plants.plt database
  mgt schedule         210  op numb          91 wbar120                                  not found in plants.plt database
  mgt schedule         210  op numb         146 wbar120                                  not found in plants.plt database
  mgt schedule         210  op numb         201 wbar120                                  not found in plants.plt database
  mgt schedule         211  op numb          44 wbar120                                  not found in plants.plt database
  mgt schedule         211  op numb         114 wbar120                                  not found in plants.plt database
  mgt schedule         211  op numb         184 wbar120                                  not found in plants.plt database
  mgt schedule         211  op numb         254 wbar120                                  not found in plants.plt database
  mgt schedule         214  op numb           8 wbar120                                  not found in plants.plt database
  mgt schedule         214  op numb          66 wbar120                                  not found in plants.plt database
  mgt schedule         214  op numb         124 wbar120                                  not found in plants.plt database
  mgt schedule         214  op numb         182 wbar120                                  not found in plants.plt database
  mgt schedule         215  op numb           8 wbar120                                  not found in plants.plt database
  mgt schedule         215  op numb          47 canp140                                  not found in plants.plt database
  mgt schedule         215  op numb          67 wbar120                                  not found in plants.plt database
  mgt schedule         215  op numb         106 canp140                                  not found in plants.plt database
  mgt schedule         215  op numb         126 wbar120                                  not found in plants.plt database
  mgt schedule         215  op numb         165 canp140                                  not found in plants.plt database
  mgt schedule         215  op numb         185 wbar120                                  not found in plants.plt database
  mgt schedule         215  op numb         224 canp140                                  not found in plants.plt database
  mgt schedule         216  op numb          38 wbar120                                  not found in plants.plt database
  mgt schedule         216  op numb          86 wbar120                                  not found in plants.plt database
  mgt schedule         216  op numb         134 wbar120                                  not found in plants.plt database
  mgt schedule         216  op numb         182 wbar120                                  not found in plants.plt database
  mgt schedule         219  op numb           8 wbar120                                  not found in plants.plt database
  mgt schedule         219  op numb          66 wbar120                                  not found in plants.plt database
  mgt schedule         219  op numb         124 wbar120                                  not found in plants.plt database
  mgt schedule         219  op numb         182 wbar120                                  not found in plants.plt database
  mgt schedule         222  op numb          54 canp140                                  not found in plants.plt database
  mgt schedule         222  op numb         109 canp140                                  not found in plants.plt database
  mgt schedule         222  op numb         164 canp140                                  not found in plants.plt database
  mgt schedule         224  op numb          26 canp140                                  not found in plants.plt database
  mgt schedule         224  op numb          44 canp140                                  not found in plants.plt database
  mgt schedule         224  op numb          82 canp140                                  not found in plants.plt database
  mgt schedule         224  op numb         100 canp140                                  not found in plants.plt database
  mgt schedule         224  op numb         138 canp140                                  not found in plants.plt database
  mgt schedule         224  op numb         156 canp140                                  not found in plants.plt database
  mgt schedule         224  op numb         194 canp140                                  not found in plants.plt database
  mgt schedule         224  op numb         212 canp140                                  not found in plants.plt database
  mgt schedule         225  op numb          31 wbar120                                  not found in plants.plt database
  mgt schedule         225  op numb          89 wbar120                                  not found in plants.plt database
  mgt schedule         225  op numb         147 wbar120                                  not found in plants.plt database
  mgt schedule         225  op numb         205 wbar120                                  not found in plants.plt database
  mgt schedule         226  op numb          30 canp140                                  not found in plants.plt database
  mgt schedule         226  op numb          83 canp140                                  not found in plants.plt database
  mgt schedule         226  op numb         136 canp140                                  not found in plants.plt database
  mgt schedule         226  op numb         189 canp140                                  not found in plants.plt database
  mgt schedule         229  op numb          28 wbar120                                  not found in plants.plt database
  mgt schedule         229  op numb          92 wbar120                                  not found in plants.plt database
  mgt schedule         229  op numb         156 wbar120                                  not found in plants.plt database
  mgt schedule         229  op numb         220 wbar120                                  not found in plants.plt database
  mgt schedule         230  op numb          29 wbar120                                  not found in plants.plt database
  mgt schedule         230  op numb          37 canp140                                  not found in plants.plt database
  mgt schedule         230  op numb          55 canp140                                  not found in plants.plt database
  mgt schedule         230  op numb          85 wbar120                                  not found in plants.plt database
  mgt schedule         230  op numb          93 canp140                                  not found in plants.plt database
  mgt schedule         230  op numb         111 canp140                                  not found in plants.plt database
  mgt schedule         230  op numb         141 wbar120                                  not found in plants.plt database
  mgt schedule         230  op numb         149 canp140                                  not found in plants.plt database
  mgt schedule         230  op numb         167 canp140                                  not found in plants.plt database
  mgt schedule         230  op numb         197 wbar120                                  not found in plants.plt database
  mgt schedule         230  op numb         205 canp140                                  not found in plants.plt database
  mgt schedule         231  op numb          52 wbar120                                  not found in plants.plt database
  mgt schedule         231  op numb         105 wbar120                                  not found in plants.plt database
  mgt schedule         231  op numb         158 wbar120                                  not found in plants.plt database
  mgt schedule         233  op numb          49 wbar120                                  not found in plants.plt database
  mgt schedule         233  op numb         110 wbar120                                  not found in plants.plt database
  mgt schedule         233  op numb         171 wbar120                                  not found in plants.plt database
  mgt schedule         233  op numb         232 wbar120                                  not found in plants.plt database
  mgt schedule         236  op numb          57 wbar120                                  not found in plants.plt database
  mgt schedule         236  op numb         115 wbar120                                  not found in plants.plt database
  mgt schedule         236  op numb         173 wbar120                                  not found in plants.plt database
  mgt schedule         237  op numb          27 wbar120                                  not found in plants.plt database
  mgt schedule         237  op numb          78 wbar120                                  not found in plants.plt database
  mgt schedule         237  op numb         129 wbar120                                  not found in plants.plt database
  mgt schedule         237  op numb         180 wbar120                                  not found in plants.plt database
  mgt schedule         239  op numb          55 wbar120                                  not found in plants.plt database
  mgt schedule         239  op numb         111 wbar120                                  not found in plants.plt database
  mgt schedule         239  op numb         167 wbar120                                  not found in plants.plt database
  mgt schedule         244  op numb          29 wbar120                                  not found in plants.plt database
  mgt schedule         244  op numb          87 wbar120                                  not found in plants.plt database
  mgt schedule         244  op numb         145 wbar120                                  not found in plants.plt database
  mgt schedule         244  op numb         203 wbar120                                  not found in plants.plt database
  mgt schedule         245  op numb          34 canp140                                  not found in plants.plt database
  mgt schedule         245  op numb          84 canp140                                  not found in plants.plt database
  mgt schedule         245  op numb         134 canp140                                  not found in plants.plt database
  mgt schedule         245  op numb         184 canp140                                  not found in plants.plt database
 atmodep.cli                                       file not found (atmodep)
 atmodep.cli                                       file not found (atmodep)
 atmodep.cli                                       file not found (atmodep)
 atmodep.cli                                       file not found (atmodep)
 file not found (basins_carbon.tes)
